Iter| Action |	Reward	|	Done	|	Acc_rw
0	|	13	 |	-40.0000	|	false	|	 -40.0000
1	|	13	 |	-40.0000	|	false	|	 -80.0000
2	|	13	 |	-40.0000	|	false	|	 -120.0000
3	|	13	 |	-40.0000	|	false	|	 -160.0000
4	|	13	 |	-40.0000	|	false	|	 -200.0000
5	|	13	 |	-40.0000	|	false	|	 -240.0000
6	|	13	 |	-40.0000	|	false	|	 -280.0000
7	|	13	 |	-40.0000	|	false	|	 -320.0000
8	|	13	 |	-40.0000	|	false	|	 -360.0000
9	|	13	 |	-40.0000	|	false	|	 -400.0000
10	|	13	 |	-40.0000	|	false	|	 -440.0000
11	|	13	 |	-40.0000	|	false	|	 -480.0000
12	|	13	 |	-40.0000	|	false	|	 -520.0000
13	|	13	 |	-40.0000	|	false	|	 -560.0000
14	|	13	 |	-40.0000	|	false	|	 -600.0000
15	|	13	 |	-40.0000	|	false	|	 -640.0000
16	|	13	 |	-40.0000	|	false	|	 -680.0000
17	|	13	 |	-40.0000	|	false	|	 -720.0000
18	|	13	 |	-40.0000	|	false	|	 -760.0000
19	|	13	 |	-40.0000	|	false	|	 -800.0000
20	|	13	 |	-40.0000	|	false	|	 -840.0000
21	|	13	 |	-40.0000	|	false	|	 -880.0000
22	|	13	 |	-40.0000	|	false	|	 -920.0000
23	|	13	 |	-40.0000	|	false	|	 -960.0000
24	|	13	 |	-40.0000	|	false	|	 -1000.0000
25	|	13	 |	-40.0000	|	false	|	 -1040.0000
26	|	13	 |	-40.0000	|	false	|	 -1080.0000
27	|	13	 |	-40.0000	|	false	|	 -1120.0000
28	|	13	 |	-40.0000	|	false	|	 -1160.0000
29	|	13	 |	-40.0000	|	false	|	 -1200.0000
30	|	13	 |	-40.0000	|	false	|	 -1240.0000
31	|	13	 |	-40.0000	|	false	|	 -1280.0000
32	|	13	 |	-40.0000	|	false	|	 -1320.0000
33	|	13	 |	-40.0000	|	false	|	 -1360.0000
34	|	13	 |	-40.0000	|	false	|	 -1400.0000
35	|	13	 |	-40.0000	|	false	|	 -1440.0000
36	|	13	 |	-40.0000	|	false	|	 -1480.0000
37	|	13	 |	-40.0000	|	false	|	 -1520.0000
38	|	13	 |	-40.0000	|	false	|	 -1560.0000
39	|	13	 |	-40.0000	|	false	|	 -1600.0000
40	|	13	 |	-40.0000	|	false	|	 -1640.0000
41	|	13	 |	-40.0000	|	false	|	 -1680.0000
42	|	13	 |	-40.0000	|	false	|	 -1720.0000
43	|	13	 |	-40.0000	|	false	|	 -1760.0000
44	|	13	 |	-40.0000	|	false	|	 -1800.0000
45	|	13	 |	-40.0000	|	false	|	 -1840.0000
46	|	13	 |	-40.0000	|	false	|	 -1880.0000
47	|	13	 |	-40.0000	|	false	|	 -1920.0000
48	|	13	 |	-40.0000	|	false	|	 -1960.0000
49	|	13	 |	-40.0000	|	false	|	 -2000.0000
50	|	13	 |	-40.0000	|	false	|	 -2040.0000
51	|	13	 |	-40.0000	|	false	|	 -2080.0000
52	|	13	 |	-40.0000	|	false	|	 -2120.0000
53	|	13	 |	-40.0000	|	false	|	 -2160.0000
54	|	13	 |	-40.0000	|	false	|	 -2200.0000
55	|	13	 |	-40.0000	|	false	|	 -2240.0000
56	|	13	 |	-40.0000	|	false	|	 -2280.0000
57	|	13	 |	-40.0000	|	false	|	 -2320.0000
58	|	13	 |	-40.0000	|	false	|	 -2360.0000
59	|	13	 |	-40.0000	|	false	|	 -2400.0000
60	|	13	 |	-40.0000	|	false	|	 -2440.0000
61	|	13	 |	-40.0000	|	false	|	 -2480.0000
62	|	13	 |	-40.0000	|	false	|	 -2520.0000
63	|	13	 |	-40.0000	|	false	|	 -2560.0000
64	|	13	 |	-40.0000	|	false	|	 -2600.0000
65	|	13	 |	-40.0000	|	false	|	 -2640.0000
66	|	13	 |	-40.0000	|	false	|	 -2680.0000
67	|	13	 |	-40.0000	|	false	|	 -2720.0000
68	|	13	 |	-40.0000	|	false	|	 -2760.0000
69	|	13	 |	-40.0000	|	false	|	 -2800.0000
70	|	13	 |	-40.0000	|	false	|	 -2840.0000
71	|	13	 |	-40.0000	|	false	|	 -2880.0000
72	|	13	 |	-40.0000	|	false	|	 -2920.0000
73	|	13	 |	-40.0000	|	false	|	 -2960.0000
74	|	13	 |	-40.0000	|	false	|	 -3000.0000
75	|	7	 |	-50.0000	|	false	|	 -3050.0000
76	|	7	 |	-50.0000	|	false	|	 -3100.0000
77	|	7	 |	-50.0000	|	false	|	 -3150.0000
78	|	13	 |	-40.0000	|	false	|	 -3190.0000
79	|	13	 |	-40.0000	|	false	|	 -3230.0000
80	|	13	 |	-40.0000	|	false	|	 -3270.0000
81	|	13	 |	-40.0000	|	false	|	 -3310.0000
82	|	13	 |	-40.0000	|	false	|	 -3350.0000
83	|	14	 |	-40.0000	|	false	|	 -3390.0000
84	|	13	 |	-40.0000	|	false	|	 -3430.0000
85	|	13	 |	-40.0000	|	false	|	 -3470.0000
86	|	13	 |	-40.0000	|	false	|	 -3510.0000
87	|	13	 |	-40.0000	|	false	|	 -3550.0000
88	|	13	 |	-40.0000	|	false	|	 -3590.0000
89	|	13	 |	-40.0000	|	false	|	 -3630.0000
90	|	13	 |	-40.0000	|	false	|	 -3670.0000
91	|	13	 |	-40.0000	|	false	|	 -3710.0000
92	|	13	 |	-40.0000	|	false	|	 -3750.0000
93	|	13	 |	-40.0000	|	false	|	 -3790.0000
94	|	13	 |	-40.0000	|	false	|	 -3830.0000
95	|	13	 |	-40.0000	|	false	|	 -3870.0000
96	|	13	 |	-40.0000	|	false	|	 -3910.0000
97	|	13	 |	-40.0000	|	false	|	 -3950.0000
98	|	13	 |	-40.0000	|	false	|	 -3990.0000
99	|	13	 |	-40.0000	|	false	|	 -4030.0000
100	|	7	 |	-50.0000	|	false	|	 -4080.0000
101	|	13	 |	-40.0000	|	false	|	 -4120.0000
102	|	13	 |	-40.0000	|	false	|	 -4160.0000
103	|	13	 |	-40.0000	|	false	|	 -4200.0000
104	|	13	 |	-40.0000	|	false	|	 -4240.0000
105	|	13	 |	-40.0000	|	false	|	 -4280.0000
106	|	7	 |	-50.0000	|	false	|	 -4330.0000
107	|	13	 |	-40.0000	|	false	|	 -4370.0000
108	|	13	 |	-40.0000	|	false	|	 -4410.0000
109	|	7	 |	-50.0000	|	false	|	 -4460.0000
110	|	7	 |	-50.0000	|	false	|	 -4510.0000
111	|	7	 |	-50.0000	|	false	|	 -4560.0000
112	|	7	 |	-50.0000	|	false	|	 -4610.0000
113	|	7	 |	-50.0000	|	false	|	 -4660.0000
114	|	7	 |	-50.0000	|	false	|	 -4710.0000
115	|	7	 |	-50.0000	|	false	|	 -4760.0000
116	|	7	 |	-50.0000	|	false	|	 -4810.0000
117	|	7	 |	-50.0000	|	false	|	 -4860.0000
118	|	7	 |	-50.0000	|	false	|	 -4910.0000
119	|	13	 |	-40.0000	|	false	|	 -4950.0000
120	|	13	 |	-40.0000	|	false	|	 -4990.0000
121	|	13	 |	-40.0000	|	false	|	 -5030.0000
122	|	13	 |	-40.0000	|	false	|	 -5070.0000
123	|	13	 |	-40.0000	|	false	|	 -5110.0000
124	|	13	 |	-40.0000	|	false	|	 -5150.0000
125	|	13	 |	-40.0000	|	false	|	 -5190.0000
126	|	13	 |	-40.0000	|	false	|	 -5230.0000
127	|	0	 |	-21.0000	|	false	|	 -5251.0000
128	|	13	 |	-50.0000	|	false	|	 -5301.0000
129	|	13	 |	-50.0000	|	false	|	 -5351.0000
130	|	13	 |	-50.0000	|	false	|	 -5401.0000
131	|	13	 |	-50.0000	|	false	|	 -5451.0000
132	|	13	 |	-50.0000	|	false	|	 -5501.0000
133	|	13	 |	-50.0000	|	false	|	 -5551.0000
134	|	13	 |	-50.0000	|	false	|	 -5601.0000
135	|	0	 |	-50.0000	|	false	|	 -5651.0000
136	|	0	 |	-50.0000	|	false	|	 -5701.0000
137	|	0	 |	-50.0000	|	false	|	 -5751.0000
138	|	0	 |	-50.0000	|	false	|	 -5801.0000
139	|	0	 |	-50.0000	|	false	|	 -5851.0000
140	|	0	 |	-50.0000	|	false	|	 -5901.0000
141	|	0	 |	-50.0000	|	false	|	 -5951.0000
142	|	0	 |	-50.0000	|	false	|	 -6001.0000
143	|	0	 |	-50.0000	|	false	|	 -6051.0000
144	|	0	 |	-50.0000	|	false	|	 -6101.0000
145	|	0	 |	-50.0000	|	false	|	 -6151.0000
146	|	0	 |	-50.0000	|	false	|	 -6201.0000
147	|	0	 |	-50.0000	|	false	|	 -6251.0000
148	|	0	 |	-50.0000	|	false	|	 -6301.0000
149	|	0	 |	-50.0000	|	false	|	 -6351.0000
150	|	0	 |	-50.0000	|	false	|	 -6401.0000
151	|	0	 |	-50.0000	|	false	|	 -6451.0000
152	|	0	 |	-50.0000	|	false	|	 -6501.0000
153	|	0	 |	-50.0000	|	false	|	 -6551.0000
154	|	0	 |	-50.0000	|	false	|	 -6601.0000
155	|	0	 |	-50.0000	|	false	|	 -6651.0000
156	|	0	 |	-50.0000	|	false	|	 -6701.0000
157	|	0	 |	-50.0000	|	false	|	 -6751.0000
158	|	0	 |	-50.0000	|	false	|	 -6801.0000
159	|	0	 |	-50.0000	|	false	|	 -6851.0000
160	|	0	 |	-50.0000	|	false	|	 -6901.0000
161	|	0	 |	-50.0000	|	false	|	 -6951.0000
162	|	0	 |	-50.0000	|	false	|	 -7001.0000
163	|	0	 |	-50.0000	|	false	|	 -7051.0000
164	|	0	 |	-50.0000	|	false	|	 -7101.0000
165	|	0	 |	-50.0000	|	false	|	 -7151.0000
166	|	0	 |	-50.0000	|	false	|	 -7201.0000
167	|	0	 |	-50.0000	|	false	|	 -7251.0000
168	|	0	 |	-50.0000	|	false	|	 -7301.0000
169	|	0	 |	-50.0000	|	false	|	 -7351.0000
170	|	0	 |	-50.0000	|	false	|	 -7401.0000
171	|	0	 |	-50.0000	|	false	|	 -7451.0000
172	|	0	 |	-50.0000	|	false	|	 -7501.0000
173	|	0	 |	-50.0000	|	false	|	 -7551.0000
174	|	0	 |	-50.0000	|	false	|	 -7601.0000
175	|	0	 |	-50.0000	|	false	|	 -7651.0000
176	|	0	 |	-50.0000	|	false	|	 -7701.0000
177	|	0	 |	-50.0000	|	false	|	 -7751.0000
178	|	0	 |	-50.0000	|	false	|	 -7801.0000
179	|	0	 |	-50.0000	|	false	|	 -7851.0000
180	|	0	 |	-50.0000	|	false	|	 -7901.0000
181	|	0	 |	-50.0000	|	false	|	 -7951.0000
182	|	0	 |	-50.0000	|	false	|	 -8001.0000
183	|	0	 |	-50.0000	|	false	|	 -8051.0000
184	|	0	 |	-50.0000	|	false	|	 -8101.0000
185	|	0	 |	-50.0000	|	false	|	 -8151.0000
186	|	0	 |	-50.0000	|	false	|	 -8201.0000
187	|	0	 |	-50.0000	|	false	|	 -8251.0000
188	|	0	 |	-50.0000	|	false	|	 -8301.0000
189	|	0	 |	-50.0000	|	false	|	 -8351.0000
190	|	0	 |	-50.0000	|	false	|	 -8401.0000
191	|	0	 |	-50.0000	|	false	|	 -8451.0000
192	|	0	 |	-50.0000	|	false	|	 -8501.0000
193	|	0	 |	-50.0000	|	false	|	 -8551.0000
194	|	0	 |	-50.0000	|	false	|	 -8601.0000
195	|	0	 |	-50.0000	|	false	|	 -8651.0000
196	|	0	 |	-50.0000	|	false	|	 -8701.0000
197	|	0	 |	-50.0000	|	false	|	 -8751.0000
198	|	0	 |	-50.0000	|	false	|	 -8801.0000
199	|	0	 |	-50.0000	|	false	|	 -8851.0000
200	|	0	 |	-50.0000	|	false	|	 -8901.0000
201	|	0	 |	-50.0000	|	false	|	 -8951.0000
202	|	0	 |	-50.0000	|	false	|	 -9001.0000
203	|	0	 |	-50.0000	|	false	|	 -9051.0000
204	|	0	 |	-50.0000	|	false	|	 -9101.0000
205	|	0	 |	-50.0000	|	false	|	 -9151.0000
206	|	0	 |	-50.0000	|	false	|	 -9201.0000
207	|	0	 |	-50.0000	|	false	|	 -9251.0000
208	|	0	 |	-50.0000	|	false	|	 -9301.0000
209	|	0	 |	-50.0000	|	false	|	 -9351.0000
210	|	0	 |	-50.0000	|	false	|	 -9401.0000
211	|	0	 |	-50.0000	|	false	|	 -9451.0000
212	|	0	 |	-50.0000	|	false	|	 -9501.0000
213	|	0	 |	-50.0000	|	false	|	 -9551.0000
214	|	0	 |	-50.0000	|	false	|	 -9601.0000
215	|	0	 |	-50.0000	|	false	|	 -9651.0000
216	|	0	 |	-50.0000	|	false	|	 -9701.0000
217	|	0	 |	-50.0000	|	false	|	 -9751.0000
218	|	0	 |	-50.0000	|	false	|	 -9801.0000
219	|	0	 |	-50.0000	|	false	|	 -9851.0000
220	|	0	 |	-50.0000	|	false	|	 -9901.0000
221	|	0	 |	-50.0000	|	false	|	 -9951.0000
222	|	0	 |	-50.0000	|	false	|	 -10001.0000
223	|	0	 |	-50.0000	|	false	|	 -10051.0000
224	|	0	 |	-50.0000	|	false	|	 -10101.0000
225	|	0	 |	-50.0000	|	false	|	 -10151.0000
226	|	0	 |	-50.0000	|	false	|	 -10201.0000
227	|	0	 |	-50.0000	|	false	|	 -10251.0000
228	|	0	 |	-50.0000	|	false	|	 -10301.0000
229	|	0	 |	-50.0000	|	false	|	 -10351.0000
230	|	0	 |	-50.0000	|	false	|	 -10401.0000
231	|	0	 |	-50.0000	|	false	|	 -10451.0000
232	|	0	 |	-50.0000	|	false	|	 -10501.0000
233	|	0	 |	-50.0000	|	false	|	 -10551.0000
234	|	0	 |	-50.0000	|	false	|	 -10601.0000
235	|	0	 |	-50.0000	|	false	|	 -10651.0000
236	|	0	 |	-50.0000	|	false	|	 -10701.0000
237	|	0	 |	-50.0000	|	false	|	 -10751.0000
238	|	0	 |	-50.0000	|	false	|	 -10801.0000
239	|	0	 |	-50.0000	|	false	|	 -10851.0000
240	|	0	 |	-50.0000	|	false	|	 -10901.0000
241	|	0	 |	-50.0000	|	false	|	 -10951.0000
242	|	0	 |	-50.0000	|	false	|	 -11001.0000
243	|	0	 |	-50.0000	|	false	|	 -11051.0000
244	|	0	 |	-50.0000	|	false	|	 -11101.0000
245	|	0	 |	-50.0000	|	false	|	 -11151.0000
246	|	0	 |	-50.0000	|	false	|	 -11201.0000
247	|	0	 |	-50.0000	|	false	|	 -11251.0000
248	|	0	 |	-50.0000	|	false	|	 -11301.0000
249	|	0	 |	-50.0000	|	false	|	 -11351.0000
250	|	0	 |	-50.0000	|	false	|	 -11401.0000
251	|	0	 |	-50.0000	|	false	|	 -11451.0000
252	|	0	 |	-50.0000	|	false	|	 -11501.0000
253	|	0	 |	-50.0000	|	false	|	 -11551.0000
254	|	0	 |	-50.0000	|	false	|	 -11601.0000
255	|	0	 |	-50.0000	|	false	|	 -11651.0000
256	|	0	 |	-50.0000	|	false	|	 -11701.0000
257	|	0	 |	-50.0000	|	false	|	 -11751.0000
258	|	0	 |	-50.0000	|	false	|	 -11801.0000
259	|	0	 |	-50.0000	|	false	|	 -11851.0000
260	|	0	 |	-50.0000	|	false	|	 -11901.0000
261	|	0	 |	-50.0000	|	false	|	 -11951.0000
262	|	0	 |	-50.0000	|	false	|	 -12001.0000
263	|	0	 |	-50.0000	|	false	|	 -12051.0000
264	|	0	 |	-50.0000	|	false	|	 -12101.0000
265	|	0	 |	-50.0000	|	false	|	 -12151.0000
266	|	0	 |	-50.0000	|	false	|	 -12201.0000
267	|	0	 |	-50.0000	|	false	|	 -12251.0000
268	|	0	 |	-50.0000	|	false	|	 -12301.0000
269	|	0	 |	-50.0000	|	false	|	 -12351.0000
270	|	0	 |	-50.0000	|	false	|	 -12401.0000
271	|	0	 |	-50.0000	|	false	|	 -12451.0000
272	|	0	 |	-50.0000	|	false	|	 -12501.0000
273	|	0	 |	-50.0000	|	false	|	 -12551.0000
274	|	0	 |	-50.0000	|	false	|	 -12601.0000
275	|	0	 |	-50.0000	|	false	|	 -12651.0000
276	|	0	 |	-50.0000	|	false	|	 -12701.0000
277	|	0	 |	-50.0000	|	false	|	 -12751.0000
278	|	0	 |	-50.0000	|	false	|	 -12801.0000
279	|	0	 |	-50.0000	|	false	|	 -12851.0000
280	|	0	 |	-50.0000	|	false	|	 -12901.0000
281	|	0	 |	-50.0000	|	false	|	 -12951.0000
282	|	0	 |	-50.0000	|	false	|	 -13001.0000
283	|	0	 |	-50.0000	|	false	|	 -13051.0000
284	|	0	 |	-50.0000	|	false	|	 -13101.0000
285	|	0	 |	-50.0000	|	false	|	 -13151.0000
286	|	0	 |	-50.0000	|	false	|	 -13201.0000
287	|	0	 |	-50.0000	|	false	|	 -13251.0000
288	|	0	 |	-50.0000	|	false	|	 -13301.0000
289	|	0	 |	-50.0000	|	false	|	 -13351.0000
290	|	0	 |	-50.0000	|	false	|	 -13401.0000
291	|	0	 |	-50.0000	|	false	|	 -13451.0000
292	|	0	 |	-50.0000	|	false	|	 -13501.0000
293	|	0	 |	-50.0000	|	false	|	 -13551.0000
294	|	0	 |	-50.0000	|	false	|	 -13601.0000
295	|	0	 |	-50.0000	|	false	|	 -13651.0000
296	|	0	 |	-50.0000	|	false	|	 -13701.0000
297	|	0	 |	-50.0000	|	false	|	 -13751.0000
298	|	0	 |	-50.0000	|	false	|	 -13801.0000
299	|	0	 |	-50.0000	|	false	|	 -13851.0000
300	|	0	 |	-50.0000	|	false	|	 -13901.0000
301	|	0	 |	-50.0000	|	false	|	 -13951.0000
302	|	0	 |	-50.0000	|	false	|	 -14001.0000
303	|	0	 |	-50.0000	|	false	|	 -14051.0000
304	|	0	 |	-50.0000	|	false	|	 -14101.0000
305	|	0	 |	-50.0000	|	false	|	 -14151.0000
306	|	0	 |	-50.0000	|	false	|	 -14201.0000
307	|	0	 |	-50.0000	|	false	|	 -14251.0000
308	|	0	 |	-50.0000	|	false	|	 -14301.0000
309	|	0	 |	-50.0000	|	false	|	 -14351.0000
310	|	0	 |	-50.0000	|	false	|	 -14401.0000
311	|	0	 |	-50.0000	|	false	|	 -14451.0000
312	|	0	 |	-50.0000	|	false	|	 -14501.0000
313	|	0	 |	-50.0000	|	false	|	 -14551.0000
314	|	0	 |	-50.0000	|	false	|	 -14601.0000
315	|	0	 |	-50.0000	|	false	|	 -14651.0000
316	|	0	 |	-50.0000	|	false	|	 -14701.0000
317	|	0	 |	-50.0000	|	false	|	 -14751.0000
318	|	0	 |	-50.0000	|	false	|	 -14801.0000
319	|	0	 |	-50.0000	|	false	|	 -14851.0000
320	|	0	 |	-50.0000	|	false	|	 -14901.0000
321	|	0	 |	-50.0000	|	false	|	 -14951.0000
322	|	0	 |	-50.0000	|	false	|	 -15001.0000
323	|	0	 |	-50.0000	|	false	|	 -15051.0000
324	|	0	 |	-50.0000	|	false	|	 -15101.0000
325	|	0	 |	-50.0000	|	false	|	 -15151.0000
326	|	0	 |	-50.0000	|	false	|	 -15201.0000
327	|	0	 |	-50.0000	|	false	|	 -15251.0000
328	|	0	 |	-50.0000	|	false	|	 -15301.0000
329	|	0	 |	-50.0000	|	false	|	 -15351.0000
330	|	0	 |	-50.0000	|	false	|	 -15401.0000
331	|	0	 |	-50.0000	|	false	|	 -15451.0000
332	|	0	 |	-50.0000	|	false	|	 -15501.0000
333	|	0	 |	-50.0000	|	false	|	 -15551.0000
334	|	0	 |	-50.0000	|	false	|	 -15601.0000
335	|	0	 |	-50.0000	|	false	|	 -15651.0000
336	|	0	 |	-50.0000	|	false	|	 -15701.0000
337	|	0	 |	-50.0000	|	false	|	 -15751.0000
338	|	0	 |	-50.0000	|	false	|	 -15801.0000
339	|	0	 |	-50.0000	|	false	|	 -15851.0000
340	|	0	 |	-50.0000	|	false	|	 -15901.0000
341	|	0	 |	-50.0000	|	false	|	 -15951.0000
342	|	0	 |	-50.0000	|	false	|	 -16001.0000
343	|	0	 |	-50.0000	|	false	|	 -16051.0000
344	|	0	 |	-50.0000	|	false	|	 -16101.0000
345	|	0	 |	-50.0000	|	false	|	 -16151.0000
346	|	0	 |	-50.0000	|	false	|	 -16201.0000
347	|	0	 |	-50.0000	|	false	|	 -16251.0000
348	|	0	 |	-50.0000	|	false	|	 -16301.0000
349	|	0	 |	-50.0000	|	false	|	 -16351.0000
350	|	0	 |	-50.0000	|	false	|	 -16401.0000
351	|	0	 |	-50.0000	|	false	|	 -16451.0000
352	|	0	 |	-50.0000	|	false	|	 -16501.0000
353	|	0	 |	-50.0000	|	false	|	 -16551.0000
354	|	0	 |	-50.0000	|	false	|	 -16601.0000
355	|	0	 |	-50.0000	|	false	|	 -16651.0000
356	|	0	 |	-50.0000	|	false	|	 -16701.0000
357	|	0	 |	-50.0000	|	false	|	 -16751.0000
358	|	0	 |	-50.0000	|	false	|	 -16801.0000
359	|	0	 |	-50.0000	|	false	|	 -16851.0000
360	|	0	 |	-50.0000	|	false	|	 -16901.0000
361	|	0	 |	-50.0000	|	false	|	 -16951.0000
362	|	0	 |	-50.0000	|	false	|	 -17001.0000
363	|	0	 |	-50.0000	|	false	|	 -17051.0000
364	|	0	 |	-50.0000	|	false	|	 -17101.0000
365	|	0	 |	-50.0000	|	false	|	 -17151.0000
366	|	0	 |	-50.0000	|	false	|	 -17201.0000
367	|	0	 |	-50.0000	|	false	|	 -17251.0000
368	|	0	 |	-50.0000	|	false	|	 -17301.0000
369	|	0	 |	-50.0000	|	false	|	 -17351.0000
370	|	0	 |	-50.0000	|	false	|	 -17401.0000
371	|	0	 |	-50.0000	|	false	|	 -17451.0000
372	|	0	 |	-50.0000	|	false	|	 -17501.0000
373	|	0	 |	-50.0000	|	false	|	 -17551.0000
374	|	0	 |	-50.0000	|	false	|	 -17601.0000
375	|	0	 |	-50.0000	|	false	|	 -17651.0000
376	|	0	 |	-50.0000	|	false	|	 -17701.0000
377	|	0	 |	-50.0000	|	false	|	 -17751.0000
378	|	0	 |	-50.0000	|	false	|	 -17801.0000
379	|	0	 |	-50.0000	|	false	|	 -17851.0000
380	|	0	 |	-50.0000	|	false	|	 -17901.0000
381	|	0	 |	-50.0000	|	false	|	 -17951.0000
382	|	0	 |	-50.0000	|	false	|	 -18001.0000
383	|	0	 |	-50.0000	|	false	|	 -18051.0000
384	|	0	 |	-50.0000	|	false	|	 -18101.0000
385	|	0	 |	-50.0000	|	false	|	 -18151.0000
386	|	0	 |	-50.0000	|	false	|	 -18201.0000
387	|	0	 |	-50.0000	|	false	|	 -18251.0000
388	|	0	 |	-50.0000	|	false	|	 -18301.0000
389	|	0	 |	-50.0000	|	false	|	 -18351.0000
390	|	0	 |	-50.0000	|	false	|	 -18401.0000
391	|	0	 |	-50.0000	|	false	|	 -18451.0000
392	|	0	 |	-50.0000	|	false	|	 -18501.0000
393	|	0	 |	-50.0000	|	false	|	 -18551.0000
394	|	0	 |	-50.0000	|	false	|	 -18601.0000
395	|	0	 |	-50.0000	|	false	|	 -18651.0000
396	|	0	 |	-50.0000	|	false	|	 -18701.0000
397	|	0	 |	-50.0000	|	false	|	 -18751.0000
398	|	0	 |	-50.0000	|	false	|	 -18801.0000
399	|	0	 |	-50.0000	|	false	|	 -18851.0000
400	|	0	 |	-50.0000	|	false	|	 -18901.0000
401	|	0	 |	-50.0000	|	false	|	 -18951.0000
402	|	0	 |	-50.0000	|	false	|	 -19001.0000
403	|	0	 |	-50.0000	|	false	|	 -19051.0000
404	|	0	 |	-50.0000	|	false	|	 -19101.0000
405	|	0	 |	-50.0000	|	false	|	 -19151.0000
406	|	0	 |	-50.0000	|	false	|	 -19201.0000
407	|	0	 |	-50.0000	|	false	|	 -19251.0000
408	|	0	 |	-50.0000	|	false	|	 -19301.0000
409	|	0	 |	-50.0000	|	false	|	 -19351.0000
410	|	0	 |	-50.0000	|	false	|	 -19401.0000
411	|	0	 |	-50.0000	|	false	|	 -19451.0000
412	|	0	 |	-50.0000	|	false	|	 -19501.0000
413	|	0	 |	-50.0000	|	false	|	 -19551.0000
414	|	0	 |	-50.0000	|	false	|	 -19601.0000
415	|	0	 |	-50.0000	|	false	|	 -19651.0000
416	|	0	 |	-50.0000	|	false	|	 -19701.0000
417	|	0	 |	-50.0000	|	false	|	 -19751.0000
418	|	0	 |	-50.0000	|	false	|	 -19801.0000
419	|	0	 |	-50.0000	|	false	|	 -19851.0000
420	|	0	 |	-50.0000	|	false	|	 -19901.0000
421	|	0	 |	-50.0000	|	false	|	 -19951.0000
422	|	0	 |	-50.0000	|	false	|	 -20001.0000
423	|	0	 |	-50.0000	|	false	|	 -20051.0000
424	|	0	 |	-50.0000	|	false	|	 -20101.0000
425	|	0	 |	-50.0000	|	false	|	 -20151.0000
426	|	0	 |	-50.0000	|	false	|	 -20201.0000
427	|	0	 |	-50.0000	|	false	|	 -20251.0000
428	|	0	 |	-50.0000	|	false	|	 -20301.0000
429	|	0	 |	-50.0000	|	false	|	 -20351.0000
430	|	0	 |	-50.0000	|	false	|	 -20401.0000
431	|	0	 |	-50.0000	|	false	|	 -20451.0000
432	|	0	 |	-50.0000	|	false	|	 -20501.0000
433	|	0	 |	-50.0000	|	false	|	 -20551.0000
434	|	0	 |	-50.0000	|	false	|	 -20601.0000
435	|	0	 |	-50.0000	|	false	|	 -20651.0000
436	|	0	 |	-50.0000	|	false	|	 -20701.0000
437	|	0	 |	-50.0000	|	false	|	 -20751.0000
438	|	0	 |	-50.0000	|	false	|	 -20801.0000
439	|	0	 |	-50.0000	|	false	|	 -20851.0000
440	|	0	 |	-50.0000	|	false	|	 -20901.0000
441	|	0	 |	-50.0000	|	false	|	 -20951.0000
442	|	0	 |	-50.0000	|	false	|	 -21001.0000
443	|	0	 |	-50.0000	|	false	|	 -21051.0000
444	|	0	 |	-50.0000	|	false	|	 -21101.0000
445	|	0	 |	-50.0000	|	false	|	 -21151.0000
446	|	0	 |	-50.0000	|	false	|	 -21201.0000
447	|	0	 |	-50.0000	|	false	|	 -21251.0000
448	|	0	 |	-50.0000	|	false	|	 -21301.0000
449	|	0	 |	-50.0000	|	false	|	 -21351.0000
450	|	0	 |	-50.0000	|	false	|	 -21401.0000
451	|	0	 |	-50.0000	|	false	|	 -21451.0000
452	|	0	 |	-50.0000	|	false	|	 -21501.0000
453	|	0	 |	-50.0000	|	false	|	 -21551.0000
454	|	0	 |	-50.0000	|	false	|	 -21601.0000
455	|	0	 |	-50.0000	|	false	|	 -21651.0000
456	|	0	 |	-50.0000	|	false	|	 -21701.0000
457	|	0	 |	-50.0000	|	false	|	 -21751.0000
458	|	0	 |	-50.0000	|	false	|	 -21801.0000
459	|	0	 |	-50.0000	|	false	|	 -21851.0000
460	|	0	 |	-50.0000	|	false	|	 -21901.0000
461	|	0	 |	-50.0000	|	false	|	 -21951.0000
462	|	0	 |	-50.0000	|	false	|	 -22001.0000
463	|	0	 |	-50.0000	|	false	|	 -22051.0000
464	|	0	 |	-50.0000	|	false	|	 -22101.0000
465	|	0	 |	-50.0000	|	false	|	 -22151.0000
466	|	0	 |	-50.0000	|	false	|	 -22201.0000
467	|	0	 |	-50.0000	|	false	|	 -22251.0000
468	|	0	 |	-50.0000	|	false	|	 -22301.0000
469	|	0	 |	-50.0000	|	false	|	 -22351.0000
470	|	0	 |	-50.0000	|	false	|	 -22401.0000
471	|	0	 |	-50.0000	|	false	|	 -22451.0000
472	|	0	 |	-50.0000	|	false	|	 -22501.0000
473	|	0	 |	-50.0000	|	false	|	 -22551.0000
474	|	0	 |	-50.0000	|	false	|	 -22601.0000
475	|	0	 |	-50.0000	|	false	|	 -22651.0000
476	|	0	 |	-50.0000	|	false	|	 -22701.0000
477	|	0	 |	-50.0000	|	false	|	 -22751.0000
478	|	0	 |	-50.0000	|	false	|	 -22801.0000
479	|	0	 |	-50.0000	|	false	|	 -22851.0000
480	|	0	 |	-50.0000	|	false	|	 -22901.0000
481	|	0	 |	-50.0000	|	false	|	 -22951.0000
482	|	0	 |	-50.0000	|	false	|	 -23001.0000
483	|	0	 |	-50.0000	|	false	|	 -23051.0000
484	|	0	 |	-50.0000	|	false	|	 -23101.0000
485	|	0	 |	-50.0000	|	false	|	 -23151.0000
486	|	0	 |	-50.0000	|	false	|	 -23201.0000
487	|	0	 |	-50.0000	|	false	|	 -23251.0000
488	|	0	 |	-50.0000	|	false	|	 -23301.0000
489	|	0	 |	-50.0000	|	false	|	 -23351.0000
490	|	0	 |	-50.0000	|	false	|	 -23401.0000
491	|	0	 |	-50.0000	|	false	|	 -23451.0000
492	|	0	 |	-50.0000	|	false	|	 -23501.0000
493	|	0	 |	-50.0000	|	false	|	 -23551.0000
494	|	0	 |	-50.0000	|	false	|	 -23601.0000
495	|	0	 |	-50.0000	|	false	|	 -23651.0000
496	|	0	 |	-50.0000	|	false	|	 -23701.0000
497	|	0	 |	-50.0000	|	false	|	 -23751.0000
498	|	0	 |	-50.0000	|	false	|	 -23801.0000
499	|	0	 |	-50.0000	|	false	|	 -23851.0000
500	|	0	 |	-50.0000	|	false	|	 -23901.0000
501	|	0	 |	-50.0000	|	false	|	 -23951.0000
502	|	0	 |	-50.0000	|	false	|	 -24001.0000
503	|	0	 |	-50.0000	|	false	|	 -24051.0000
504	|	0	 |	-50.0000	|	false	|	 -24101.0000
505	|	0	 |	-50.0000	|	false	|	 -24151.0000
506	|	0	 |	-50.0000	|	false	|	 -24201.0000
507	|	0	 |	-50.0000	|	false	|	 -24251.0000
508	|	0	 |	-50.0000	|	false	|	 -24301.0000
509	|	0	 |	-50.0000	|	false	|	 -24351.0000
510	|	0	 |	-50.0000	|	false	|	 -24401.0000
511	|	0	 |	-50.0000	|	false	|	 -24451.0000
512	|	0	 |	-50.0000	|	false	|	 -24501.0000
513	|	0	 |	-50.0000	|	false	|	 -24551.0000
514	|	0	 |	-50.0000	|	false	|	 -24601.0000
515	|	0	 |	-50.0000	|	false	|	 -24651.0000
516	|	0	 |	-50.0000	|	false	|	 -24701.0000
517	|	0	 |	-50.0000	|	false	|	 -24751.0000
518	|	0	 |	-50.0000	|	false	|	 -24801.0000
519	|	0	 |	-50.0000	|	false	|	 -24851.0000
520	|	0	 |	-50.0000	|	false	|	 -24901.0000
521	|	0	 |	-50.0000	|	false	|	 -24951.0000
522	|	0	 |	-50.0000	|	false	|	 -25001.0000
523	|	0	 |	-50.0000	|	false	|	 -25051.0000
524	|	0	 |	-50.0000	|	false	|	 -25101.0000
525	|	0	 |	-50.0000	|	false	|	 -25151.0000
526	|	0	 |	-50.0000	|	false	|	 -25201.0000
527	|	0	 |	-50.0000	|	false	|	 -25251.0000
528	|	0	 |	-50.0000	|	false	|	 -25301.0000
529	|	0	 |	-50.0000	|	false	|	 -25351.0000
530	|	0	 |	-50.0000	|	false	|	 -25401.0000
531	|	0	 |	-50.0000	|	false	|	 -25451.0000
532	|	0	 |	-50.0000	|	false	|	 -25501.0000
533	|	0	 |	-50.0000	|	false	|	 -25551.0000
534	|	0	 |	-50.0000	|	false	|	 -25601.0000
535	|	0	 |	-50.0000	|	false	|	 -25651.0000
536	|	0	 |	-50.0000	|	false	|	 -25701.0000
537	|	0	 |	-50.0000	|	false	|	 -25751.0000
538	|	0	 |	-50.0000	|	false	|	 -25801.0000
539	|	0	 |	-50.0000	|	false	|	 -25851.0000
540	|	0	 |	-50.0000	|	false	|	 -25901.0000
541	|	0	 |	-50.0000	|	false	|	 -25951.0000
542	|	0	 |	-50.0000	|	false	|	 -26001.0000
543	|	0	 |	-50.0000	|	false	|	 -26051.0000
544	|	0	 |	-50.0000	|	false	|	 -26101.0000
545	|	0	 |	-50.0000	|	false	|	 -26151.0000
546	|	0	 |	-50.0000	|	false	|	 -26201.0000
547	|	0	 |	-50.0000	|	false	|	 -26251.0000
548	|	0	 |	-50.0000	|	false	|	 -26301.0000
549	|	0	 |	-50.0000	|	false	|	 -26351.0000
550	|	0	 |	-50.0000	|	false	|	 -26401.0000
551	|	0	 |	-50.0000	|	false	|	 -26451.0000
552	|	0	 |	-50.0000	|	false	|	 -26501.0000
553	|	0	 |	-50.0000	|	false	|	 -26551.0000
554	|	0	 |	-50.0000	|	false	|	 -26601.0000
555	|	0	 |	-50.0000	|	false	|	 -26651.0000
556	|	0	 |	-50.0000	|	false	|	 -26701.0000
557	|	0	 |	-50.0000	|	false	|	 -26751.0000
558	|	0	 |	-50.0000	|	false	|	 -26801.0000
559	|	0	 |	-50.0000	|	false	|	 -26851.0000
560	|	0	 |	-50.0000	|	false	|	 -26901.0000
561	|	0	 |	-50.0000	|	false	|	 -26951.0000
562	|	0	 |	-50.0000	|	false	|	 -27001.0000
563	|	0	 |	-50.0000	|	false	|	 -27051.0000
564	|	0	 |	-50.0000	|	false	|	 -27101.0000
565	|	0	 |	-50.0000	|	false	|	 -27151.0000
566	|	0	 |	-50.0000	|	false	|	 -27201.0000
567	|	0	 |	-50.0000	|	false	|	 -27251.0000
568	|	0	 |	-50.0000	|	false	|	 -27301.0000
569	|	0	 |	-50.0000	|	false	|	 -27351.0000
570	|	0	 |	-50.0000	|	false	|	 -27401.0000
571	|	0	 |	-50.0000	|	false	|	 -27451.0000
572	|	0	 |	-50.0000	|	false	|	 -27501.0000
573	|	0	 |	-50.0000	|	false	|	 -27551.0000
574	|	0	 |	-50.0000	|	false	|	 -27601.0000
575	|	0	 |	-50.0000	|	false	|	 -27651.0000
576	|	0	 |	-50.0000	|	false	|	 -27701.0000
577	|	0	 |	-50.0000	|	false	|	 -27751.0000
578	|	0	 |	-50.0000	|	false	|	 -27801.0000
579	|	0	 |	-50.0000	|	false	|	 -27851.0000
580	|	0	 |	-50.0000	|	false	|	 -27901.0000
581	|	0	 |	-50.0000	|	false	|	 -27951.0000
582	|	0	 |	-50.0000	|	false	|	 -28001.0000
583	|	0	 |	-50.0000	|	false	|	 -28051.0000
584	|	0	 |	-50.0000	|	false	|	 -28101.0000
585	|	0	 |	-50.0000	|	false	|	 -28151.0000
586	|	0	 |	-50.0000	|	false	|	 -28201.0000
587	|	0	 |	-50.0000	|	false	|	 -28251.0000
588	|	0	 |	-50.0000	|	false	|	 -28301.0000
589	|	0	 |	-50.0000	|	false	|	 -28351.0000
590	|	0	 |	-50.0000	|	false	|	 -28401.0000
591	|	0	 |	-50.0000	|	false	|	 -28451.0000
592	|	0	 |	-50.0000	|	false	|	 -28501.0000
593	|	0	 |	-50.0000	|	false	|	 -28551.0000
594	|	0	 |	-50.0000	|	false	|	 -28601.0000
595	|	0	 |	-50.0000	|	false	|	 -28651.0000
596	|	0	 |	-50.0000	|	false	|	 -28701.0000
597	|	0	 |	-50.0000	|	false	|	 -28751.0000
598	|	0	 |	-50.0000	|	false	|	 -28801.0000
599	|	0	 |	-50.0000	|	false	|	 -28851.0000
600	|	0	 |	-50.0000	|	false	|	 -28901.0000
601	|	0	 |	-50.0000	|	false	|	 -28951.0000
602	|	0	 |	-50.0000	|	false	|	 -29001.0000
603	|	0	 |	-50.0000	|	false	|	 -29051.0000
604	|	0	 |	-50.0000	|	false	|	 -29101.0000
605	|	0	 |	-50.0000	|	false	|	 -29151.0000
606	|	0	 |	-50.0000	|	false	|	 -29201.0000
607	|	0	 |	-50.0000	|	false	|	 -29251.0000
608	|	0	 |	-50.0000	|	false	|	 -29301.0000
609	|	0	 |	-50.0000	|	false	|	 -29351.0000
610	|	0	 |	-50.0000	|	false	|	 -29401.0000
611	|	0	 |	-50.0000	|	false	|	 -29451.0000
612	|	0	 |	-50.0000	|	false	|	 -29501.0000
613	|	0	 |	-50.0000	|	false	|	 -29551.0000
614	|	0	 |	-50.0000	|	false	|	 -29601.0000
615	|	0	 |	-50.0000	|	false	|	 -29651.0000
616	|	0	 |	-50.0000	|	false	|	 -29701.0000
617	|	0	 |	-50.0000	|	false	|	 -29751.0000
618	|	0	 |	-50.0000	|	false	|	 -29801.0000
619	|	0	 |	-50.0000	|	false	|	 -29851.0000
620	|	0	 |	-50.0000	|	false	|	 -29901.0000
621	|	0	 |	-50.0000	|	false	|	 -29951.0000
622	|	0	 |	-50.0000	|	false	|	 -30001.0000
623	|	0	 |	-50.0000	|	false	|	 -30051.0000
624	|	0	 |	-50.0000	|	false	|	 -30101.0000
625	|	0	 |	-50.0000	|	false	|	 -30151.0000
626	|	0	 |	-50.0000	|	false	|	 -30201.0000
627	|	0	 |	-50.0000	|	false	|	 -30251.0000
628	|	0	 |	-50.0000	|	false	|	 -30301.0000
629	|	0	 |	-50.0000	|	false	|	 -30351.0000
630	|	0	 |	-50.0000	|	false	|	 -30401.0000
631	|	0	 |	-50.0000	|	false	|	 -30451.0000
632	|	0	 |	-50.0000	|	false	|	 -30501.0000
633	|	0	 |	-50.0000	|	false	|	 -30551.0000
634	|	0	 |	-50.0000	|	false	|	 -30601.0000
635	|	0	 |	-50.0000	|	false	|	 -30651.0000
636	|	0	 |	-50.0000	|	false	|	 -30701.0000
637	|	0	 |	-50.0000	|	false	|	 -30751.0000
638	|	0	 |	-50.0000	|	false	|	 -30801.0000
639	|	0	 |	-50.0000	|	false	|	 -30851.0000
640	|	0	 |	-50.0000	|	false	|	 -30901.0000
641	|	0	 |	-50.0000	|	false	|	 -30951.0000
642	|	0	 |	-50.0000	|	false	|	 -31001.0000
643	|	0	 |	-50.0000	|	false	|	 -31051.0000
644	|	0	 |	-50.0000	|	false	|	 -31101.0000
645	|	0	 |	-50.0000	|	false	|	 -31151.0000
646	|	0	 |	-50.0000	|	false	|	 -31201.0000
647	|	0	 |	-50.0000	|	false	|	 -31251.0000
648	|	0	 |	-50.0000	|	false	|	 -31301.0000
649	|	0	 |	-50.0000	|	false	|	 -31351.0000
650	|	0	 |	-50.0000	|	false	|	 -31401.0000
651	|	0	 |	-50.0000	|	false	|	 -31451.0000
652	|	0	 |	-50.0000	|	false	|	 -31501.0000
653	|	0	 |	-50.0000	|	false	|	 -31551.0000
654	|	0	 |	-50.0000	|	false	|	 -31601.0000
655	|	0	 |	-50.0000	|	false	|	 -31651.0000
656	|	0	 |	-50.0000	|	false	|	 -31701.0000
657	|	0	 |	-50.0000	|	false	|	 -31751.0000
658	|	0	 |	-50.0000	|	false	|	 -31801.0000
659	|	0	 |	-50.0000	|	false	|	 -31851.0000
660	|	0	 |	-50.0000	|	false	|	 -31901.0000
661	|	0	 |	-50.0000	|	false	|	 -31951.0000
662	|	0	 |	-50.0000	|	false	|	 -32001.0000
663	|	0	 |	-50.0000	|	false	|	 -32051.0000
664	|	0	 |	-50.0000	|	false	|	 -32101.0000
665	|	0	 |	-50.0000	|	false	|	 -32151.0000
666	|	0	 |	-50.0000	|	false	|	 -32201.0000
667	|	0	 |	-50.0000	|	false	|	 -32251.0000
668	|	0	 |	-50.0000	|	false	|	 -32301.0000
669	|	0	 |	-50.0000	|	false	|	 -32351.0000
670	|	0	 |	-50.0000	|	false	|	 -32401.0000
671	|	0	 |	-50.0000	|	false	|	 -32451.0000
672	|	0	 |	-50.0000	|	false	|	 -32501.0000
673	|	0	 |	-50.0000	|	false	|	 -32551.0000
674	|	0	 |	-50.0000	|	false	|	 -32601.0000
675	|	0	 |	-50.0000	|	false	|	 -32651.0000
676	|	0	 |	-50.0000	|	false	|	 -32701.0000
677	|	0	 |	-50.0000	|	false	|	 -32751.0000
678	|	0	 |	-50.0000	|	false	|	 -32801.0000
679	|	0	 |	-50.0000	|	false	|	 -32851.0000
680	|	0	 |	-50.0000	|	false	|	 -32901.0000
681	|	0	 |	-50.0000	|	false	|	 -32951.0000
682	|	0	 |	-50.0000	|	false	|	 -33001.0000
683	|	0	 |	-50.0000	|	false	|	 -33051.0000
684	|	0	 |	-50.0000	|	false	|	 -33101.0000
685	|	0	 |	-50.0000	|	false	|	 -33151.0000
686	|	0	 |	-50.0000	|	false	|	 -33201.0000
687	|	0	 |	-50.0000	|	false	|	 -33251.0000
688	|	0	 |	-50.0000	|	false	|	 -33301.0000
689	|	0	 |	-50.0000	|	false	|	 -33351.0000
690	|	0	 |	-50.0000	|	false	|	 -33401.0000
691	|	0	 |	-50.0000	|	false	|	 -33451.0000
692	|	0	 |	-50.0000	|	false	|	 -33501.0000
693	|	0	 |	-50.0000	|	false	|	 -33551.0000
694	|	0	 |	-50.0000	|	false	|	 -33601.0000
695	|	0	 |	-50.0000	|	false	|	 -33651.0000
696	|	0	 |	-50.0000	|	false	|	 -33701.0000
697	|	0	 |	-50.0000	|	false	|	 -33751.0000
698	|	0	 |	-50.0000	|	false	|	 -33801.0000
699	|	0	 |	-50.0000	|	false	|	 -33851.0000
700	|	0	 |	-50.0000	|	false	|	 -33901.0000
701	|	0	 |	-50.0000	|	false	|	 -33951.0000
702	|	0	 |	-50.0000	|	false	|	 -34001.0000
703	|	0	 |	-50.0000	|	false	|	 -34051.0000
704	|	0	 |	-50.0000	|	false	|	 -34101.0000
705	|	0	 |	-50.0000	|	false	|	 -34151.0000
706	|	0	 |	-50.0000	|	false	|	 -34201.0000
707	|	0	 |	-50.0000	|	false	|	 -34251.0000
708	|	0	 |	-50.0000	|	false	|	 -34301.0000
709	|	0	 |	-50.0000	|	false	|	 -34351.0000
710	|	0	 |	-50.0000	|	false	|	 -34401.0000
711	|	0	 |	-50.0000	|	false	|	 -34451.0000
712	|	0	 |	-50.0000	|	false	|	 -34501.0000
713	|	0	 |	-50.0000	|	false	|	 -34551.0000
714	|	0	 |	-50.0000	|	false	|	 -34601.0000
715	|	0	 |	-50.0000	|	false	|	 -34651.0000
716	|	0	 |	-50.0000	|	false	|	 -34701.0000
717	|	0	 |	-50.0000	|	false	|	 -34751.0000
718	|	0	 |	-50.0000	|	false	|	 -34801.0000
719	|	0	 |	-50.0000	|	false	|	 -34851.0000
720	|	0	 |	-50.0000	|	false	|	 -34901.0000
721	|	0	 |	-50.0000	|	false	|	 -34951.0000
722	|	0	 |	-50.0000	|	false	|	 -35001.0000
723	|	0	 |	-50.0000	|	false	|	 -35051.0000
724	|	0	 |	-50.0000	|	false	|	 -35101.0000
725	|	0	 |	-50.0000	|	false	|	 -35151.0000
726	|	0	 |	-50.0000	|	false	|	 -35201.0000
727	|	0	 |	-50.0000	|	false	|	 -35251.0000
728	|	0	 |	-50.0000	|	false	|	 -35301.0000
729	|	0	 |	-50.0000	|	false	|	 -35351.0000
730	|	0	 |	-50.0000	|	false	|	 -35401.0000
731	|	0	 |	-50.0000	|	false	|	 -35451.0000
732	|	0	 |	-50.0000	|	false	|	 -35501.0000
733	|	0	 |	-50.0000	|	false	|	 -35551.0000
734	|	0	 |	-50.0000	|	false	|	 -35601.0000
735	|	0	 |	-50.0000	|	false	|	 -35651.0000
736	|	0	 |	-50.0000	|	false	|	 -35701.0000
737	|	0	 |	-50.0000	|	false	|	 -35751.0000
738	|	0	 |	-50.0000	|	false	|	 -35801.0000
739	|	0	 |	-50.0000	|	false	|	 -35851.0000
740	|	0	 |	-50.0000	|	false	|	 -35901.0000
741	|	0	 |	-50.0000	|	false	|	 -35951.0000
742	|	0	 |	-50.0000	|	false	|	 -36001.0000
743	|	0	 |	-50.0000	|	false	|	 -36051.0000
744	|	0	 |	-50.0000	|	false	|	 -36101.0000
745	|	0	 |	-50.0000	|	false	|	 -36151.0000
746	|	0	 |	-50.0000	|	false	|	 -36201.0000
747	|	0	 |	-50.0000	|	false	|	 -36251.0000
748	|	0	 |	-50.0000	|	false	|	 -36301.0000
749	|	0	 |	-50.0000	|	false	|	 -36351.0000
750	|	0	 |	-50.0000	|	false	|	 -36401.0000
751	|	0	 |	-50.0000	|	false	|	 -36451.0000
752	|	0	 |	-50.0000	|	false	|	 -36501.0000
753	|	0	 |	-50.0000	|	false	|	 -36551.0000
754	|	0	 |	-50.0000	|	false	|	 -36601.0000
755	|	0	 |	-50.0000	|	false	|	 -36651.0000
756	|	0	 |	-50.0000	|	false	|	 -36701.0000
757	|	0	 |	-50.0000	|	false	|	 -36751.0000
758	|	0	 |	-50.0000	|	false	|	 -36801.0000
759	|	0	 |	-50.0000	|	false	|	 -36851.0000
760	|	0	 |	-50.0000	|	false	|	 -36901.0000
761	|	0	 |	-50.0000	|	false	|	 -36951.0000
762	|	0	 |	-50.0000	|	false	|	 -37001.0000
763	|	0	 |	-50.0000	|	false	|	 -37051.0000
764	|	0	 |	-50.0000	|	false	|	 -37101.0000
765	|	0	 |	-50.0000	|	false	|	 -37151.0000
766	|	0	 |	-50.0000	|	false	|	 -37201.0000
767	|	0	 |	-50.0000	|	false	|	 -37251.0000
768	|	0	 |	-50.0000	|	false	|	 -37301.0000
769	|	0	 |	-50.0000	|	false	|	 -37351.0000
770	|	0	 |	-50.0000	|	false	|	 -37401.0000
771	|	0	 |	-50.0000	|	false	|	 -37451.0000
772	|	0	 |	-50.0000	|	false	|	 -37501.0000
773	|	0	 |	-50.0000	|	false	|	 -37551.0000
774	|	0	 |	-50.0000	|	false	|	 -37601.0000
775	|	0	 |	-50.0000	|	false	|	 -37651.0000
776	|	0	 |	-50.0000	|	false	|	 -37701.0000
777	|	0	 |	-50.0000	|	false	|	 -37751.0000
778	|	0	 |	-50.0000	|	false	|	 -37801.0000
779	|	0	 |	-50.0000	|	false	|	 -37851.0000
780	|	0	 |	-50.0000	|	false	|	 -37901.0000
781	|	0	 |	-50.0000	|	false	|	 -37951.0000
782	|	0	 |	-50.0000	|	false	|	 -38001.0000
783	|	0	 |	-50.0000	|	false	|	 -38051.0000
784	|	0	 |	-50.0000	|	false	|	 -38101.0000
785	|	0	 |	-50.0000	|	false	|	 -38151.0000
786	|	0	 |	-50.0000	|	false	|	 -38201.0000
787	|	0	 |	-50.0000	|	false	|	 -38251.0000
788	|	0	 |	-50.0000	|	false	|	 -38301.0000
789	|	0	 |	-50.0000	|	false	|	 -38351.0000
790	|	0	 |	-50.0000	|	false	|	 -38401.0000
791	|	0	 |	-50.0000	|	false	|	 -38451.0000
792	|	0	 |	-50.0000	|	false	|	 -38501.0000
793	|	0	 |	-50.0000	|	false	|	 -38551.0000
794	|	0	 |	-50.0000	|	false	|	 -38601.0000
795	|	0	 |	-50.0000	|	false	|	 -38651.0000
796	|	0	 |	-50.0000	|	false	|	 -38701.0000
797	|	0	 |	-50.0000	|	false	|	 -38751.0000
798	|	0	 |	-50.0000	|	false	|	 -38801.0000
799	|	0	 |	-50.0000	|	false	|	 -38851.0000
800	|	0	 |	-50.0000	|	false	|	 -38901.0000
801	|	0	 |	-50.0000	|	false	|	 -38951.0000
802	|	0	 |	-50.0000	|	false	|	 -39001.0000
803	|	0	 |	-50.0000	|	false	|	 -39051.0000
804	|	0	 |	-50.0000	|	false	|	 -39101.0000
805	|	0	 |	-50.0000	|	false	|	 -39151.0000
806	|	0	 |	-50.0000	|	false	|	 -39201.0000
807	|	0	 |	-50.0000	|	false	|	 -39251.0000
808	|	0	 |	-50.0000	|	false	|	 -39301.0000
809	|	0	 |	-50.0000	|	false	|	 -39351.0000
810	|	0	 |	-50.0000	|	false	|	 -39401.0000
811	|	0	 |	-50.0000	|	false	|	 -39451.0000
812	|	0	 |	-50.0000	|	false	|	 -39501.0000
813	|	0	 |	-50.0000	|	false	|	 -39551.0000
814	|	0	 |	-50.0000	|	false	|	 -39601.0000
815	|	0	 |	-50.0000	|	false	|	 -39651.0000
816	|	0	 |	-50.0000	|	false	|	 -39701.0000
817	|	0	 |	-50.0000	|	false	|	 -39751.0000
818	|	0	 |	-50.0000	|	false	|	 -39801.0000
819	|	0	 |	-50.0000	|	false	|	 -39851.0000
820	|	0	 |	-50.0000	|	false	|	 -39901.0000
821	|	0	 |	-50.0000	|	false	|	 -39951.0000
822	|	0	 |	-50.0000	|	false	|	 -40001.0000
823	|	0	 |	-50.0000	|	false	|	 -40051.0000
824	|	0	 |	-50.0000	|	false	|	 -40101.0000
825	|	0	 |	-50.0000	|	false	|	 -40151.0000
826	|	0	 |	-50.0000	|	false	|	 -40201.0000
827	|	0	 |	-50.0000	|	false	|	 -40251.0000
828	|	0	 |	-50.0000	|	false	|	 -40301.0000
829	|	0	 |	-50.0000	|	false	|	 -40351.0000
830	|	0	 |	-50.0000	|	false	|	 -40401.0000
831	|	0	 |	-50.0000	|	false	|	 -40451.0000
832	|	0	 |	-50.0000	|	false	|	 -40501.0000
833	|	0	 |	-50.0000	|	false	|	 -40551.0000
834	|	0	 |	-50.0000	|	false	|	 -40601.0000
835	|	0	 |	-50.0000	|	false	|	 -40651.0000
836	|	0	 |	-50.0000	|	false	|	 -40701.0000
837	|	0	 |	-50.0000	|	false	|	 -40751.0000
838	|	0	 |	-50.0000	|	false	|	 -40801.0000
839	|	0	 |	-50.0000	|	false	|	 -40851.0000
840	|	0	 |	-50.0000	|	false	|	 -40901.0000
841	|	0	 |	-50.0000	|	false	|	 -40951.0000
842	|	0	 |	-50.0000	|	false	|	 -41001.0000
843	|	0	 |	-50.0000	|	false	|	 -41051.0000
844	|	0	 |	-50.0000	|	false	|	 -41101.0000
845	|	0	 |	-50.0000	|	false	|	 -41151.0000
846	|	0	 |	-50.0000	|	false	|	 -41201.0000
847	|	0	 |	-50.0000	|	false	|	 -41251.0000
848	|	0	 |	-50.0000	|	false	|	 -41301.0000
849	|	0	 |	-50.0000	|	false	|	 -41351.0000
850	|	0	 |	-50.0000	|	false	|	 -41401.0000
851	|	0	 |	-50.0000	|	false	|	 -41451.0000
852	|	0	 |	-50.0000	|	false	|	 -41501.0000
853	|	0	 |	-50.0000	|	false	|	 -41551.0000
854	|	0	 |	-50.0000	|	false	|	 -41601.0000
855	|	0	 |	-50.0000	|	false	|	 -41651.0000
856	|	0	 |	-50.0000	|	false	|	 -41701.0000
857	|	0	 |	-50.0000	|	false	|	 -41751.0000
858	|	0	 |	-50.0000	|	false	|	 -41801.0000
859	|	0	 |	-50.0000	|	false	|	 -41851.0000
860	|	0	 |	-50.0000	|	false	|	 -41901.0000
861	|	0	 |	-50.0000	|	false	|	 -41951.0000
862	|	0	 |	-50.0000	|	false	|	 -42001.0000
863	|	0	 |	-50.0000	|	false	|	 -42051.0000
864	|	0	 |	-50.0000	|	false	|	 -42101.0000
865	|	0	 |	-50.0000	|	false	|	 -42151.0000
866	|	0	 |	-50.0000	|	false	|	 -42201.0000
867	|	0	 |	-50.0000	|	false	|	 -42251.0000
868	|	0	 |	-50.0000	|	false	|	 -42301.0000
869	|	0	 |	-50.0000	|	false	|	 -42351.0000
870	|	0	 |	-50.0000	|	false	|	 -42401.0000
871	|	0	 |	-50.0000	|	false	|	 -42451.0000
872	|	0	 |	-50.0000	|	false	|	 -42501.0000
873	|	0	 |	-50.0000	|	false	|	 -42551.0000
874	|	0	 |	-50.0000	|	false	|	 -42601.0000
875	|	0	 |	-50.0000	|	false	|	 -42651.0000
876	|	0	 |	-50.0000	|	false	|	 -42701.0000
877	|	0	 |	-50.0000	|	false	|	 -42751.0000
878	|	0	 |	-50.0000	|	false	|	 -42801.0000
879	|	0	 |	-50.0000	|	false	|	 -42851.0000
880	|	0	 |	-50.0000	|	false	|	 -42901.0000
881	|	0	 |	-50.0000	|	false	|	 -42951.0000
882	|	0	 |	-50.0000	|	false	|	 -43001.0000
883	|	0	 |	-50.0000	|	false	|	 -43051.0000
884	|	0	 |	-50.0000	|	false	|	 -43101.0000
885	|	0	 |	-50.0000	|	false	|	 -43151.0000
886	|	0	 |	-50.0000	|	false	|	 -43201.0000
887	|	0	 |	-50.0000	|	false	|	 -43251.0000
888	|	0	 |	-50.0000	|	false	|	 -43301.0000
889	|	0	 |	-50.0000	|	false	|	 -43351.0000
890	|	0	 |	-50.0000	|	false	|	 -43401.0000
891	|	0	 |	-50.0000	|	false	|	 -43451.0000
892	|	0	 |	-50.0000	|	false	|	 -43501.0000
893	|	0	 |	-50.0000	|	false	|	 -43551.0000
894	|	0	 |	-50.0000	|	false	|	 -43601.0000
895	|	0	 |	-50.0000	|	false	|	 -43651.0000
896	|	0	 |	-50.0000	|	false	|	 -43701.0000
897	|	0	 |	-50.0000	|	false	|	 -43751.0000
898	|	0	 |	-50.0000	|	false	|	 -43801.0000
899	|	0	 |	-50.0000	|	false	|	 -43851.0000
900	|	0	 |	-50.0000	|	false	|	 -43901.0000
901	|	0	 |	-50.0000	|	false	|	 -43951.0000
902	|	0	 |	-50.0000	|	false	|	 -44001.0000
903	|	0	 |	-50.0000	|	false	|	 -44051.0000
904	|	0	 |	-50.0000	|	false	|	 -44101.0000
905	|	0	 |	-50.0000	|	false	|	 -44151.0000
906	|	0	 |	-50.0000	|	false	|	 -44201.0000
907	|	0	 |	-50.0000	|	false	|	 -44251.0000
908	|	0	 |	-50.0000	|	false	|	 -44301.0000
909	|	0	 |	-50.0000	|	false	|	 -44351.0000
910	|	0	 |	-50.0000	|	false	|	 -44401.0000
911	|	0	 |	-50.0000	|	false	|	 -44451.0000
912	|	0	 |	-50.0000	|	false	|	 -44501.0000
913	|	0	 |	-50.0000	|	false	|	 -44551.0000
914	|	0	 |	-50.0000	|	false	|	 -44601.0000
915	|	0	 |	-50.0000	|	false	|	 -44651.0000
916	|	0	 |	-50.0000	|	false	|	 -44701.0000
917	|	0	 |	-50.0000	|	false	|	 -44751.0000
918	|	0	 |	-50.0000	|	false	|	 -44801.0000
919	|	0	 |	-50.0000	|	false	|	 -44851.0000
920	|	0	 |	-50.0000	|	false	|	 -44901.0000
921	|	0	 |	-50.0000	|	false	|	 -44951.0000
922	|	0	 |	-50.0000	|	false	|	 -45001.0000
923	|	0	 |	-50.0000	|	false	|	 -45051.0000
924	|	0	 |	-50.0000	|	false	|	 -45101.0000
925	|	0	 |	-50.0000	|	false	|	 -45151.0000
926	|	0	 |	-50.0000	|	false	|	 -45201.0000
927	|	0	 |	-50.0000	|	false	|	 -45251.0000
928	|	0	 |	-50.0000	|	false	|	 -45301.0000
929	|	0	 |	-50.0000	|	false	|	 -45351.0000
930	|	0	 |	-50.0000	|	false	|	 -45401.0000
931	|	0	 |	-50.0000	|	false	|	 -45451.0000
932	|	0	 |	-50.0000	|	false	|	 -45501.0000
933	|	0	 |	-50.0000	|	false	|	 -45551.0000
934	|	0	 |	-50.0000	|	false	|	 -45601.0000
935	|	0	 |	-50.0000	|	false	|	 -45651.0000
936	|	0	 |	-50.0000	|	false	|	 -45701.0000
937	|	0	 |	-50.0000	|	false	|	 -45751.0000
938	|	0	 |	-50.0000	|	false	|	 -45801.0000
939	|	0	 |	-50.0000	|	false	|	 -45851.0000
940	|	0	 |	-50.0000	|	false	|	 -45901.0000
941	|	0	 |	-50.0000	|	false	|	 -45951.0000
942	|	0	 |	-50.0000	|	false	|	 -46001.0000
943	|	0	 |	-50.0000	|	false	|	 -46051.0000
944	|	0	 |	-50.0000	|	false	|	 -46101.0000
945	|	0	 |	-50.0000	|	false	|	 -46151.0000
946	|	0	 |	-50.0000	|	false	|	 -46201.0000
947	|	0	 |	-50.0000	|	false	|	 -46251.0000
948	|	0	 |	-50.0000	|	false	|	 -46301.0000
949	|	0	 |	-50.0000	|	false	|	 -46351.0000
950	|	0	 |	-50.0000	|	false	|	 -46401.0000
951	|	0	 |	-50.0000	|	false	|	 -46451.0000
952	|	0	 |	-50.0000	|	false	|	 -46501.0000
953	|	0	 |	-50.0000	|	false	|	 -46551.0000
954	|	0	 |	-50.0000	|	false	|	 -46601.0000
955	|	0	 |	-50.0000	|	false	|	 -46651.0000
956	|	0	 |	-50.0000	|	false	|	 -46701.0000
957	|	0	 |	-50.0000	|	false	|	 -46751.0000
958	|	0	 |	-50.0000	|	false	|	 -46801.0000
959	|	0	 |	-50.0000	|	false	|	 -46851.0000
960	|	0	 |	-50.0000	|	false	|	 -46901.0000
961	|	0	 |	-50.0000	|	false	|	 -46951.0000
962	|	0	 |	-50.0000	|	false	|	 -47001.0000
963	|	0	 |	-50.0000	|	false	|	 -47051.0000
964	|	0	 |	-50.0000	|	false	|	 -47101.0000
965	|	0	 |	-50.0000	|	false	|	 -47151.0000
966	|	0	 |	-50.0000	|	false	|	 -47201.0000
967	|	0	 |	-50.0000	|	false	|	 -47251.0000
968	|	0	 |	-50.0000	|	false	|	 -47301.0000
969	|	0	 |	-50.0000	|	false	|	 -47351.0000
970	|	0	 |	-50.0000	|	false	|	 -47401.0000
971	|	0	 |	-50.0000	|	false	|	 -47451.0000
972	|	0	 |	-50.0000	|	false	|	 -47501.0000
973	|	0	 |	-50.0000	|	false	|	 -47551.0000
974	|	0	 |	-50.0000	|	false	|	 -47601.0000
975	|	0	 |	-50.0000	|	false	|	 -47651.0000
976	|	0	 |	-50.0000	|	false	|	 -47701.0000
977	|	0	 |	-50.0000	|	false	|	 -47751.0000
978	|	0	 |	-50.0000	|	false	|	 -47801.0000
979	|	0	 |	-50.0000	|	false	|	 -47851.0000
980	|	0	 |	-50.0000	|	false	|	 -47901.0000
981	|	0	 |	-50.0000	|	false	|	 -47951.0000
982	|	0	 |	-50.0000	|	false	|	 -48001.0000
983	|	0	 |	-50.0000	|	false	|	 -48051.0000
984	|	0	 |	-50.0000	|	false	|	 -48101.0000
985	|	0	 |	-50.0000	|	false	|	 -48151.0000
986	|	0	 |	-50.0000	|	false	|	 -48201.0000
987	|	0	 |	-50.0000	|	false	|	 -48251.0000
988	|	0	 |	-50.0000	|	false	|	 -48301.0000
989	|	0	 |	-50.0000	|	false	|	 -48351.0000
990	|	0	 |	-50.0000	|	false	|	 -48401.0000
991	|	0	 |	-50.0000	|	false	|	 -48451.0000
992	|	0	 |	-50.0000	|	false	|	 -48501.0000
993	|	0	 |	-50.0000	|	false	|	 -48551.0000
994	|	0	 |	-50.0000	|	false	|	 -48601.0000
995	|	0	 |	-50.0000	|	false	|	 -48651.0000
996	|	0	 |	-50.0000	|	false	|	 -48701.0000
997	|	0	 |	-50.0000	|	false	|	 -48751.0000
998	|	0	 |	-50.0000	|	false	|	 -48801.0000
999	|	0	 |	-50.0000	|	false	|	 -48851.0000
